06-Mar-2024 00:18:40.801 INFO [main] org.apache.catalina.startup.VersionLoggerListener.log Server version name:   Apache Tomcat/10.1.19
06-Mar-2024 00:18:40.802 INFO [main] org.apache.catalina.startup.VersionLoggerListener.log Server built:          Feb 14 2024 19:36:50 UTC
06-Mar-2024 00:18:40.803 INFO [main] org.apache.catalina.startup.VersionLoggerListener.log Server version number: 10.1.19.0
06-Mar-2024 00:18:40.803 INFO [main] org.apache.catalina.startup.VersionLoggerListener.log OS Name:               Mac OS X
06-Mar-2024 00:18:40.803 INFO [main] org.apache.catalina.startup.VersionLoggerListener.log OS Version:            14.0
06-Mar-2024 00:18:40.803 INFO [main] org.apache.catalina.startup.VersionLoggerListener.log Architecture:          aarch64
06-Mar-2024 00:18:40.803 INFO [main] org.apache.catalina.startup.VersionLoggerListener.log Java Home:             /Library/Java/JavaVirtualMachines/zulu-21.jdk/Contents/Home
06-Mar-2024 00:18:40.803 INFO [main] org.apache.catalina.startup.VersionLoggerListener.log JVM Version:           21.0.1+12-LTS
06-Mar-2024 00:18:40.803 INFO [main] org.apache.catalina.startup.VersionLoggerListener.log JVM Vendor:            Azul Systems, Inc.
06-Mar-2024 00:18:40.803 INFO [main] org.apache.catalina.startup.VersionLoggerListener.log CATALINA_BASE:         /Users/thuanvo/Local/GT/cs4675/P-HW4-Vo/apache-tomcat-10.1.19
06-Mar-2024 00:18:40.803 INFO [main] org.apache.catalina.startup.VersionLoggerListener.log CATALINA_HOME:         /Users/thuanvo/Local/GT/cs4675/P-HW4-Vo/apache-tomcat-10.1.19
06-Mar-2024 00:18:40.808 INFO [main] org.apache.catalina.startup.VersionLoggerListener.log Command line argument: -Djava.util.logging.config.file=/Users/thuanvo/Local/GT/cs4675/P-HW4-Vo/apache-tomcat-10.1.19/conf/logging.properties
06-Mar-2024 00:18:40.808 INFO [main] org.apache.catalina.startup.VersionLoggerListener.log Command line argument: -Djava.util.logging.manager=org.apache.juli.ClassLoaderLogManager
06-Mar-2024 00:18:40.808 INFO [main] org.apache.catalina.startup.VersionLoggerListener.log Command line argument: -Djdk.tls.ephemeralDHKeySize=2048
06-Mar-2024 00:18:40.808 INFO [main] org.apache.catalina.startup.VersionLoggerListener.log Command line argument: -Djava.protocol.handler.pkgs=org.apache.catalina.webresources
06-Mar-2024 00:18:40.808 INFO [main] org.apache.catalina.startup.VersionLoggerListener.log Command line argument: -Dorg.apache.catalina.security.SecurityListener.UMASK=0027
06-Mar-2024 00:18:40.808 INFO [main] org.apache.catalina.startup.VersionLoggerListener.log Command line argument: --add-opens=java.base/java.lang=ALL-UNNAMED
06-Mar-2024 00:18:40.808 INFO [main] org.apache.catalina.startup.VersionLoggerListener.log Command line argument: --add-opens=java.base/java.io=ALL-UNNAMED
06-Mar-2024 00:18:40.809 INFO [main] org.apache.catalina.startup.VersionLoggerListener.log Command line argument: --add-opens=java.base/java.util=ALL-UNNAMED
06-Mar-2024 00:18:40.809 INFO [main] org.apache.catalina.startup.VersionLoggerListener.log Command line argument: --add-opens=java.base/java.util.concurrent=ALL-UNNAMED
06-Mar-2024 00:18:40.809 INFO [main] org.apache.catalina.startup.VersionLoggerListener.log Command line argument: --add-opens=java.rmi/sun.rmi.transport=ALL-UNNAMED
06-Mar-2024 00:18:40.809 INFO [main] org.apache.catalina.startup.VersionLoggerListener.log Command line argument: -Dcatalina.base=/Users/thuanvo/Local/GT/cs4675/P-HW4-Vo/apache-tomcat-10.1.19
06-Mar-2024 00:18:40.809 INFO [main] org.apache.catalina.startup.VersionLoggerListener.log Command line argument: -Dcatalina.home=/Users/thuanvo/Local/GT/cs4675/P-HW4-Vo/apache-tomcat-10.1.19
06-Mar-2024 00:18:40.809 INFO [main] org.apache.catalina.startup.VersionLoggerListener.log Command line argument: -Djava.io.tmpdir=/Users/thuanvo/Local/GT/cs4675/P-HW4-Vo/apache-tomcat-10.1.19/temp
06-Mar-2024 00:18:40.813 INFO [main] org.apache.catalina.core.AprLifecycleListener.lifecycleEvent The Apache Tomcat Native library which allows using OpenSSL was not found on the java.library.path: [/Users/thuanvo/Library/Java/Extensions:/Library/Java/Extensions:/Network/Library/Java/Extensions:/System/Library/Java/Extensions:/usr/lib/java:.]
06-Mar-2024 00:18:40.950 INFO [main] org.apache.coyote.AbstractProtocol.init Initializing ProtocolHandler ["http-nio-3000"]
06-Mar-2024 00:18:40.962 INFO [main] org.apache.catalina.startup.Catalina.load Server initialization in [248] milliseconds
06-Mar-2024 00:18:40.979 INFO [main] org.apache.catalina.core.StandardService.startInternal Starting service [Catalina]
06-Mar-2024 00:18:40.979 INFO [main] org.apache.catalina.core.StandardEngine.startInternal Starting Servlet engine: [Apache Tomcat/10.1.19]
06-Mar-2024 00:18:40.991 INFO [main] org.apache.catalina.startup.HostConfig.deployWAR Deploying web application archive [/Users/thuanvo/Local/GT/cs4675/P-HW4-Vo/apache-tomcat-10.1.19/webapps/SimpleApp.war]
06-Mar-2024 00:18:41.134 INFO [main] org.apache.catalina.startup.HostConfig.deployWAR Deployment of web application archive [/Users/thuanvo/Local/GT/cs4675/P-HW4-Vo/apache-tomcat-10.1.19/webapps/SimpleApp.war] has finished in [143] ms
06-Mar-2024 00:18:41.134 INFO [main] org.apache.catalina.startup.HostConfig.deployDirectory Deploying web application directory [/Users/thuanvo/Local/GT/cs4675/P-HW4-Vo/apache-tomcat-10.1.19/webapps/docs]
06-Mar-2024 00:18:41.145 INFO [main] org.apache.catalina.startup.HostConfig.deployDirectory Deployment of web application directory [/Users/thuanvo/Local/GT/cs4675/P-HW4-Vo/apache-tomcat-10.1.19/webapps/docs] has finished in [11] ms
06-Mar-2024 00:18:41.145 INFO [main] org.apache.catalina.startup.HostConfig.deployDirectory Deploying web application directory [/Users/thuanvo/Local/GT/cs4675/P-HW4-Vo/apache-tomcat-10.1.19/webapps/manager]
06-Mar-2024 00:18:41.161 INFO [main] org.apache.catalina.startup.HostConfig.deployDirectory Deployment of web application directory [/Users/thuanvo/Local/GT/cs4675/P-HW4-Vo/apache-tomcat-10.1.19/webapps/manager] has finished in [16] ms
06-Mar-2024 00:18:41.161 INFO [main] org.apache.catalina.startup.HostConfig.deployDirectory Deploying web application directory [/Users/thuanvo/Local/GT/cs4675/P-HW4-Vo/apache-tomcat-10.1.19/webapps/examples]
06-Mar-2024 00:18:41.262 INFO [main] org.apache.catalina.startup.HostConfig.deployDirectory Deployment of web application directory [/Users/thuanvo/Local/GT/cs4675/P-HW4-Vo/apache-tomcat-10.1.19/webapps/examples] has finished in [101] ms
06-Mar-2024 00:18:41.262 INFO [main] org.apache.catalina.startup.HostConfig.deployDirectory Deploying web application directory [/Users/thuanvo/Local/GT/cs4675/P-HW4-Vo/apache-tomcat-10.1.19/webapps/ROOT]
06-Mar-2024 00:18:41.270 INFO [main] org.apache.catalina.startup.HostConfig.deployDirectory Deployment of web application directory [/Users/thuanvo/Local/GT/cs4675/P-HW4-Vo/apache-tomcat-10.1.19/webapps/ROOT] has finished in [8] ms
06-Mar-2024 00:18:41.270 INFO [main] org.apache.catalina.startup.HostConfig.deployDirectory Deploying web application directory [/Users/thuanvo/Local/GT/cs4675/P-HW4-Vo/apache-tomcat-10.1.19/webapps/assets]
06-Mar-2024 00:18:41.277 INFO [main] org.apache.catalina.startup.HostConfig.deployDirectory Deployment of web application directory [/Users/thuanvo/Local/GT/cs4675/P-HW4-Vo/apache-tomcat-10.1.19/webapps/assets] has finished in [7] ms
06-Mar-2024 00:18:41.277 INFO [main] org.apache.catalina.startup.HostConfig.deployDirectory Deploying web application directory [/Users/thuanvo/Local/GT/cs4675/P-HW4-Vo/apache-tomcat-10.1.19/webapps/host-manager]
06-Mar-2024 00:18:41.286 INFO [main] org.apache.catalina.startup.HostConfig.deployDirectory Deployment of web application directory [/Users/thuanvo/Local/GT/cs4675/P-HW4-Vo/apache-tomcat-10.1.19/webapps/host-manager] has finished in [8] ms
06-Mar-2024 00:18:41.287 INFO [main] org.apache.coyote.AbstractProtocol.start Starting ProtocolHandler ["http-nio-3000"]
06-Mar-2024 00:18:41.292 INFO [main] org.apache.catalina.startup.Catalina.start Server startup in [329] milliseconds
06-Mar-2024 00:19:13.587 WARNING [main] org.apache.catalina.core.StandardServer.await Invalid shutdown command [] received
06-Mar-2024 00:19:19.691 INFO [Thread-1] org.apache.coyote.AbstractProtocol.pause Pausing ProtocolHandler ["http-nio-3000"]
06-Mar-2024 00:19:19.695 INFO [Thread-1] org.apache.catalina.core.StandardService.stopInternal Stopping service [Catalina]
06-Mar-2024 00:19:19.708 INFO [Thread-1] org.apache.coyote.AbstractProtocol.stop Stopping ProtocolHandler ["http-nio-3000"]
06-Mar-2024 00:19:19.719 INFO [Thread-1] org.apache.coyote.AbstractProtocol.destroy Destroying ProtocolHandler ["http-nio-3000"]
06-Mar-2024 00:19:20.750 INFO [main] org.apache.catalina.startup.VersionLoggerListener.log Server version name:   Apache Tomcat/10.1.19
06-Mar-2024 00:19:20.752 INFO [main] org.apache.catalina.startup.VersionLoggerListener.log Server built:          Feb 14 2024 19:36:50 UTC
06-Mar-2024 00:19:20.752 INFO [main] org.apache.catalina.startup.VersionLoggerListener.log Server version number: 10.1.19.0
06-Mar-2024 00:19:20.752 INFO [main] org.apache.catalina.startup.VersionLoggerListener.log OS Name:               Mac OS X
06-Mar-2024 00:19:20.752 INFO [main] org.apache.catalina.startup.VersionLoggerListener.log OS Version:            14.0
06-Mar-2024 00:19:20.752 INFO [main] org.apache.catalina.startup.VersionLoggerListener.log Architecture:          aarch64
06-Mar-2024 00:19:20.752 INFO [main] org.apache.catalina.startup.VersionLoggerListener.log Java Home:             /Library/Java/JavaVirtualMachines/zulu-21.jdk/Contents/Home
06-Mar-2024 00:19:20.752 INFO [main] org.apache.catalina.startup.VersionLoggerListener.log JVM Version:           21.0.1+12-LTS
06-Mar-2024 00:19:20.753 INFO [main] org.apache.catalina.startup.VersionLoggerListener.log JVM Vendor:            Azul Systems, Inc.
06-Mar-2024 00:19:20.753 INFO [main] org.apache.catalina.startup.VersionLoggerListener.log CATALINA_BASE:         /Users/thuanvo/Local/GT/cs4675/P-HW4-Vo/apache-tomcat-10.1.19
06-Mar-2024 00:19:20.753 INFO [main] org.apache.catalina.startup.VersionLoggerListener.log CATALINA_HOME:         /Users/thuanvo/Local/GT/cs4675/P-HW4-Vo/apache-tomcat-10.1.19
06-Mar-2024 00:19:20.770 INFO [main] org.apache.catalina.startup.VersionLoggerListener.log Command line argument: -Djava.util.logging.config.file=/Users/thuanvo/Local/GT/cs4675/P-HW4-Vo/apache-tomcat-10.1.19/conf/logging.properties
06-Mar-2024 00:19:20.770 INFO [main] org.apache.catalina.startup.VersionLoggerListener.log Command line argument: -Djava.util.logging.manager=org.apache.juli.ClassLoaderLogManager
06-Mar-2024 00:19:20.770 INFO [main] org.apache.catalina.startup.VersionLoggerListener.log Command line argument: -Djdk.tls.ephemeralDHKeySize=2048
06-Mar-2024 00:19:20.770 INFO [main] org.apache.catalina.startup.VersionLoggerListener.log Command line argument: -Djava.protocol.handler.pkgs=org.apache.catalina.webresources
06-Mar-2024 00:19:20.770 INFO [main] org.apache.catalina.startup.VersionLoggerListener.log Command line argument: -Dorg.apache.catalina.security.SecurityListener.UMASK=0027
06-Mar-2024 00:19:20.770 INFO [main] org.apache.catalina.startup.VersionLoggerListener.log Command line argument: --add-opens=java.base/java.lang=ALL-UNNAMED
06-Mar-2024 00:19:20.770 INFO [main] org.apache.catalina.startup.VersionLoggerListener.log Command line argument: --add-opens=java.base/java.io=ALL-UNNAMED
06-Mar-2024 00:19:20.770 INFO [main] org.apache.catalina.startup.VersionLoggerListener.log Command line argument: --add-opens=java.base/java.util=ALL-UNNAMED
06-Mar-2024 00:19:20.770 INFO [main] org.apache.catalina.startup.VersionLoggerListener.log Command line argument: --add-opens=java.base/java.util.concurrent=ALL-UNNAMED
06-Mar-2024 00:19:20.770 INFO [main] org.apache.catalina.startup.VersionLoggerListener.log Command line argument: --add-opens=java.rmi/sun.rmi.transport=ALL-UNNAMED
06-Mar-2024 00:19:20.770 INFO [main] org.apache.catalina.startup.VersionLoggerListener.log Command line argument: -Dcatalina.base=/Users/thuanvo/Local/GT/cs4675/P-HW4-Vo/apache-tomcat-10.1.19
06-Mar-2024 00:19:20.771 INFO [main] org.apache.catalina.startup.VersionLoggerListener.log Command line argument: -Dcatalina.home=/Users/thuanvo/Local/GT/cs4675/P-HW4-Vo/apache-tomcat-10.1.19
06-Mar-2024 00:19:20.771 INFO [main] org.apache.catalina.startup.VersionLoggerListener.log Command line argument: -Djava.io.tmpdir=/Users/thuanvo/Local/GT/cs4675/P-HW4-Vo/apache-tomcat-10.1.19/temp
06-Mar-2024 00:19:20.775 INFO [main] org.apache.catalina.core.AprLifecycleListener.lifecycleEvent The Apache Tomcat Native library which allows using OpenSSL was not found on the java.library.path: [/Users/thuanvo/Library/Java/Extensions:/Library/Java/Extensions:/Network/Library/Java/Extensions:/System/Library/Java/Extensions:/usr/lib/java:.]
06-Mar-2024 00:19:20.911 INFO [main] org.apache.coyote.AbstractProtocol.init Initializing ProtocolHandler ["http-nio-3000"]
06-Mar-2024 00:19:20.923 INFO [main] org.apache.catalina.startup.Catalina.load Server initialization in [249] milliseconds
06-Mar-2024 00:19:20.940 INFO [main] org.apache.catalina.core.StandardService.startInternal Starting service [Catalina]
06-Mar-2024 00:19:20.941 INFO [main] org.apache.catalina.core.StandardEngine.startInternal Starting Servlet engine: [Apache Tomcat/10.1.19]
06-Mar-2024 00:19:20.952 INFO [main] org.apache.catalina.startup.HostConfig.deployWAR Deploying web application archive [/Users/thuanvo/Local/GT/cs4675/P-HW4-Vo/apache-tomcat-10.1.19/webapps/SimpleApp.war]
06-Mar-2024 00:19:21.090 INFO [main] org.apache.catalina.startup.HostConfig.deployWAR Deployment of web application archive [/Users/thuanvo/Local/GT/cs4675/P-HW4-Vo/apache-tomcat-10.1.19/webapps/SimpleApp.war] has finished in [137] ms
06-Mar-2024 00:19:21.090 INFO [main] org.apache.catalina.startup.HostConfig.deployDirectory Deploying web application directory [/Users/thuanvo/Local/GT/cs4675/P-HW4-Vo/apache-tomcat-10.1.19/webapps/docs]
06-Mar-2024 00:19:21.101 INFO [main] org.apache.catalina.startup.HostConfig.deployDirectory Deployment of web application directory [/Users/thuanvo/Local/GT/cs4675/P-HW4-Vo/apache-tomcat-10.1.19/webapps/docs] has finished in [11] ms
06-Mar-2024 00:19:21.101 INFO [main] org.apache.catalina.startup.HostConfig.deployDirectory Deploying web application directory [/Users/thuanvo/Local/GT/cs4675/P-HW4-Vo/apache-tomcat-10.1.19/webapps/manager]
06-Mar-2024 00:19:21.117 INFO [main] org.apache.catalina.startup.HostConfig.deployDirectory Deployment of web application directory [/Users/thuanvo/Local/GT/cs4675/P-HW4-Vo/apache-tomcat-10.1.19/webapps/manager] has finished in [16] ms
06-Mar-2024 00:19:21.117 INFO [main] org.apache.catalina.startup.HostConfig.deployDirectory Deploying web application directory [/Users/thuanvo/Local/GT/cs4675/P-HW4-Vo/apache-tomcat-10.1.19/webapps/examples]
06-Mar-2024 00:19:21.217 INFO [main] org.apache.catalina.startup.HostConfig.deployDirectory Deployment of web application directory [/Users/thuanvo/Local/GT/cs4675/P-HW4-Vo/apache-tomcat-10.1.19/webapps/examples] has finished in [100] ms
06-Mar-2024 00:19:21.217 INFO [main] org.apache.catalina.startup.HostConfig.deployDirectory Deploying web application directory [/Users/thuanvo/Local/GT/cs4675/P-HW4-Vo/apache-tomcat-10.1.19/webapps/ROOT]
06-Mar-2024 00:19:21.224 INFO [main] org.apache.catalina.startup.HostConfig.deployDirectory Deployment of web application directory [/Users/thuanvo/Local/GT/cs4675/P-HW4-Vo/apache-tomcat-10.1.19/webapps/ROOT] has finished in [7] ms
06-Mar-2024 00:19:21.225 INFO [main] org.apache.catalina.startup.HostConfig.deployDirectory Deploying web application directory [/Users/thuanvo/Local/GT/cs4675/P-HW4-Vo/apache-tomcat-10.1.19/webapps/assets]
06-Mar-2024 00:19:21.231 INFO [main] org.apache.catalina.startup.HostConfig.deployDirectory Deployment of web application directory [/Users/thuanvo/Local/GT/cs4675/P-HW4-Vo/apache-tomcat-10.1.19/webapps/assets] has finished in [6] ms
06-Mar-2024 00:19:21.231 INFO [main] org.apache.catalina.startup.HostConfig.deployDirectory Deploying web application directory [/Users/thuanvo/Local/GT/cs4675/P-HW4-Vo/apache-tomcat-10.1.19/webapps/host-manager]
06-Mar-2024 00:19:21.240 INFO [main] org.apache.catalina.startup.HostConfig.deployDirectory Deployment of web application directory [/Users/thuanvo/Local/GT/cs4675/P-HW4-Vo/apache-tomcat-10.1.19/webapps/host-manager] has finished in [9] ms
06-Mar-2024 00:19:21.242 INFO [main] org.apache.coyote.AbstractProtocol.start Starting ProtocolHandler ["http-nio-3000"]
06-Mar-2024 00:19:21.247 INFO [main] org.apache.catalina.startup.Catalina.start Server startup in [322] milliseconds
06-Mar-2024 00:19:36.342 INFO [Thread-1] org.apache.coyote.AbstractProtocol.pause Pausing ProtocolHandler ["http-nio-3000"]
06-Mar-2024 00:19:36.351 INFO [Thread-1] org.apache.catalina.core.StandardService.stopInternal Stopping service [Catalina]
06-Mar-2024 00:19:36.374 INFO [Thread-1] org.apache.coyote.AbstractProtocol.stop Stopping ProtocolHandler ["http-nio-3000"]
06-Mar-2024 00:19:36.389 INFO [Thread-1] org.apache.coyote.AbstractProtocol.destroy Destroying ProtocolHandler ["http-nio-3000"]
06-Mar-2024 00:19:57.329 INFO [main] org.apache.catalina.startup.VersionLoggerListener.log Server version name:   Apache Tomcat/10.1.19
06-Mar-2024 00:19:57.331 INFO [main] org.apache.catalina.startup.VersionLoggerListener.log Server built:          Feb 14 2024 19:36:50 UTC
06-Mar-2024 00:19:57.331 INFO [main] org.apache.catalina.startup.VersionLoggerListener.log Server version number: 10.1.19.0
06-Mar-2024 00:19:57.331 INFO [main] org.apache.catalina.startup.VersionLoggerListener.log OS Name:               Mac OS X
06-Mar-2024 00:19:57.331 INFO [main] org.apache.catalina.startup.VersionLoggerListener.log OS Version:            14.0
06-Mar-2024 00:19:57.331 INFO [main] org.apache.catalina.startup.VersionLoggerListener.log Architecture:          aarch64
06-Mar-2024 00:19:57.331 INFO [main] org.apache.catalina.startup.VersionLoggerListener.log Java Home:             /Library/Java/JavaVirtualMachines/zulu-21.jdk/Contents/Home
06-Mar-2024 00:19:57.331 INFO [main] org.apache.catalina.startup.VersionLoggerListener.log JVM Version:           21.0.1+12-LTS
06-Mar-2024 00:19:57.331 INFO [main] org.apache.catalina.startup.VersionLoggerListener.log JVM Vendor:            Azul Systems, Inc.
06-Mar-2024 00:19:57.331 INFO [main] org.apache.catalina.startup.VersionLoggerListener.log CATALINA_BASE:         /Users/thuanvo/Local/GT/cs4675/P-HW4-Vo/apache-tomcat-10.1.19
06-Mar-2024 00:19:57.331 INFO [main] org.apache.catalina.startup.VersionLoggerListener.log CATALINA_HOME:         /Users/thuanvo/Local/GT/cs4675/P-HW4-Vo/apache-tomcat-10.1.19
06-Mar-2024 00:19:57.337 INFO [main] org.apache.catalina.startup.VersionLoggerListener.log Command line argument: -Djava.util.logging.config.file=/Users/thuanvo/Local/GT/cs4675/P-HW4-Vo/apache-tomcat-10.1.19/conf/logging.properties
06-Mar-2024 00:19:57.337 INFO [main] org.apache.catalina.startup.VersionLoggerListener.log Command line argument: -Djava.util.logging.manager=org.apache.juli.ClassLoaderLogManager
06-Mar-2024 00:19:57.337 INFO [main] org.apache.catalina.startup.VersionLoggerListener.log Command line argument: -Djdk.tls.ephemeralDHKeySize=2048
06-Mar-2024 00:19:57.337 INFO [main] org.apache.catalina.startup.VersionLoggerListener.log Command line argument: -Djava.protocol.handler.pkgs=org.apache.catalina.webresources
06-Mar-2024 00:19:57.337 INFO [main] org.apache.catalina.startup.VersionLoggerListener.log Command line argument: -Dorg.apache.catalina.security.SecurityListener.UMASK=0027
06-Mar-2024 00:19:57.337 INFO [main] org.apache.catalina.startup.VersionLoggerListener.log Command line argument: --add-opens=java.base/java.lang=ALL-UNNAMED
06-Mar-2024 00:19:57.337 INFO [main] org.apache.catalina.startup.VersionLoggerListener.log Command line argument: --add-opens=java.base/java.io=ALL-UNNAMED
06-Mar-2024 00:19:57.337 INFO [main] org.apache.catalina.startup.VersionLoggerListener.log Command line argument: --add-opens=java.base/java.util=ALL-UNNAMED
06-Mar-2024 00:19:57.337 INFO [main] org.apache.catalina.startup.VersionLoggerListener.log Command line argument: --add-opens=java.base/java.util.concurrent=ALL-UNNAMED
06-Mar-2024 00:19:57.337 INFO [main] org.apache.catalina.startup.VersionLoggerListener.log Command line argument: --add-opens=java.rmi/sun.rmi.transport=ALL-UNNAMED
06-Mar-2024 00:19:57.337 INFO [main] org.apache.catalina.startup.VersionLoggerListener.log Command line argument: -Dcatalina.base=/Users/thuanvo/Local/GT/cs4675/P-HW4-Vo/apache-tomcat-10.1.19
06-Mar-2024 00:19:57.337 INFO [main] org.apache.catalina.startup.VersionLoggerListener.log Command line argument: -Dcatalina.home=/Users/thuanvo/Local/GT/cs4675/P-HW4-Vo/apache-tomcat-10.1.19
06-Mar-2024 00:19:57.337 INFO [main] org.apache.catalina.startup.VersionLoggerListener.log Command line argument: -Djava.io.tmpdir=/Users/thuanvo/Local/GT/cs4675/P-HW4-Vo/apache-tomcat-10.1.19/temp
06-Mar-2024 00:19:57.342 INFO [main] org.apache.catalina.core.AprLifecycleListener.lifecycleEvent The Apache Tomcat Native library which allows using OpenSSL was not found on the java.library.path: [/Users/thuanvo/Library/Java/Extensions:/Library/Java/Extensions:/Network/Library/Java/Extensions:/System/Library/Java/Extensions:/usr/lib/java:.]
06-Mar-2024 00:19:57.481 INFO [main] org.apache.coyote.AbstractProtocol.init Initializing ProtocolHandler ["http-nio-8080"]
06-Mar-2024 00:19:57.493 INFO [main] org.apache.catalina.startup.Catalina.load Server initialization in [245] milliseconds
06-Mar-2024 00:19:57.511 INFO [main] org.apache.catalina.core.StandardService.startInternal Starting service [Catalina]
06-Mar-2024 00:19:57.511 INFO [main] org.apache.catalina.core.StandardEngine.startInternal Starting Servlet engine: [Apache Tomcat/10.1.19]
06-Mar-2024 00:19:57.525 INFO [main] org.apache.catalina.startup.HostConfig.deployWAR Deploying web application archive [/Users/thuanvo/Local/GT/cs4675/P-HW4-Vo/apache-tomcat-10.1.19/webapps/SimpleApp.war]
06-Mar-2024 00:19:57.670 INFO [main] org.apache.catalina.startup.HostConfig.deployWAR Deployment of web application archive [/Users/thuanvo/Local/GT/cs4675/P-HW4-Vo/apache-tomcat-10.1.19/webapps/SimpleApp.war] has finished in [145] ms
06-Mar-2024 00:19:57.670 INFO [main] org.apache.catalina.startup.HostConfig.deployDirectory Deploying web application directory [/Users/thuanvo/Local/GT/cs4675/P-HW4-Vo/apache-tomcat-10.1.19/webapps/docs]
06-Mar-2024 00:19:57.681 INFO [main] org.apache.catalina.startup.HostConfig.deployDirectory Deployment of web application directory [/Users/thuanvo/Local/GT/cs4675/P-HW4-Vo/apache-tomcat-10.1.19/webapps/docs] has finished in [11] ms
06-Mar-2024 00:19:57.681 INFO [main] org.apache.catalina.startup.HostConfig.deployDirectory Deploying web application directory [/Users/thuanvo/Local/GT/cs4675/P-HW4-Vo/apache-tomcat-10.1.19/webapps/manager]
06-Mar-2024 00:19:57.698 INFO [main] org.apache.catalina.startup.HostConfig.deployDirectory Deployment of web application directory [/Users/thuanvo/Local/GT/cs4675/P-HW4-Vo/apache-tomcat-10.1.19/webapps/manager] has finished in [17] ms
06-Mar-2024 00:19:57.698 INFO [main] org.apache.catalina.startup.HostConfig.deployDirectory Deploying web application directory [/Users/thuanvo/Local/GT/cs4675/P-HW4-Vo/apache-tomcat-10.1.19/webapps/examples]
06-Mar-2024 00:19:57.798 INFO [main] org.apache.catalina.startup.HostConfig.deployDirectory Deployment of web application directory [/Users/thuanvo/Local/GT/cs4675/P-HW4-Vo/apache-tomcat-10.1.19/webapps/examples] has finished in [100] ms
06-Mar-2024 00:19:57.798 INFO [main] org.apache.catalina.startup.HostConfig.deployDirectory Deploying web application directory [/Users/thuanvo/Local/GT/cs4675/P-HW4-Vo/apache-tomcat-10.1.19/webapps/ROOT]
06-Mar-2024 00:19:57.806 INFO [main] org.apache.catalina.startup.HostConfig.deployDirectory Deployment of web application directory [/Users/thuanvo/Local/GT/cs4675/P-HW4-Vo/apache-tomcat-10.1.19/webapps/ROOT] has finished in [8] ms
06-Mar-2024 00:19:57.807 INFO [main] org.apache.catalina.startup.HostConfig.deployDirectory Deploying web application directory [/Users/thuanvo/Local/GT/cs4675/P-HW4-Vo/apache-tomcat-10.1.19/webapps/assets]
06-Mar-2024 00:19:57.815 INFO [main] org.apache.catalina.startup.HostConfig.deployDirectory Deployment of web application directory [/Users/thuanvo/Local/GT/cs4675/P-HW4-Vo/apache-tomcat-10.1.19/webapps/assets] has finished in [7] ms
06-Mar-2024 00:19:57.815 INFO [main] org.apache.catalina.startup.HostConfig.deployDirectory Deploying web application directory [/Users/thuanvo/Local/GT/cs4675/P-HW4-Vo/apache-tomcat-10.1.19/webapps/host-manager]
06-Mar-2024 00:19:57.825 INFO [main] org.apache.catalina.startup.HostConfig.deployDirectory Deployment of web application directory [/Users/thuanvo/Local/GT/cs4675/P-HW4-Vo/apache-tomcat-10.1.19/webapps/host-manager] has finished in [9] ms
06-Mar-2024 00:19:57.826 INFO [main] org.apache.coyote.AbstractProtocol.start Starting ProtocolHandler ["http-nio-8080"]
06-Mar-2024 00:19:57.831 INFO [main] org.apache.catalina.startup.Catalina.start Server startup in [337] milliseconds
06-Mar-2024 00:21:12.828 SEVERE [main] org.apache.catalina.core.StandardServer.await An IO exception occurred trying to accept on the socket listening for the shutdown command
	java.io.IOException: Bad file descriptor
		at java.base/sun.nio.ch.Net.accept(Native Method)
		at java.base/sun.nio.ch.NioSocketImpl.accept(NioSocketImpl.java:748)
		at java.base/java.net.ServerSocket.implAccept(ServerSocket.java:698)
		at java.base/java.net.ServerSocket.platformImplAccept(ServerSocket.java:663)
		at java.base/java.net.ServerSocket.implAccept(ServerSocket.java:639)
		at java.base/java.net.ServerSocket.implAccept(ServerSocket.java:585)
		at java.base/java.net.ServerSocket.accept(ServerSocket.java:543)
		at org.apache.catalina.core.StandardServer.await(StandardServer.java:601)
		at org.apache.catalina.startup.Catalina.await(Catalina.java:847)
		at org.apache.catalina.startup.Catalina.start(Catalina.java:795)
		at java.base/jdk.internal.reflect.DirectMethodHandleAccessor.invoke(DirectMethodHandleAccessor.java:103)
		at java.base/java.lang.reflect.Method.invoke(Method.java:580)
		at org.apache.catalina.startup.Bootstrap.start(Bootstrap.java:345)
		at org.apache.catalina.startup.Bootstrap.main(Bootstrap.java:476)
06-Mar-2024 00:21:12.829 SEVERE [http-nio-8080-Acceptor] org.apache.tomcat.util.net.Acceptor.run Socket accept failed
	java.io.IOException: Bad file descriptor
		at java.base/sun.nio.ch.Net.accept(Native Method)
		at java.base/sun.nio.ch.ServerSocketChannelImpl.implAccept(ServerSocketChannelImpl.java:433)
		at java.base/sun.nio.ch.ServerSocketChannelImpl.accept(ServerSocketChannelImpl.java:399)
		at org.apache.tomcat.util.net.NioEndpoint.serverSocketAccept(NioEndpoint.java:521)
		at org.apache.tomcat.util.net.NioEndpoint.serverSocketAccept(NioEndpoint.java:79)
		at org.apache.tomcat.util.net.Acceptor.run(Acceptor.java:128)
		at java.base/java.lang.Thread.run(Thread.java:1583)
06-Mar-2024 00:21:12.836 INFO [main] org.apache.coyote.AbstractProtocol.pause Pausing ProtocolHandler ["http-nio-8080"]
06-Mar-2024 00:21:12.846 INFO [main] org.apache.catalina.core.StandardService.stopInternal Stopping service [Catalina]
06-Mar-2024 00:21:12.883 INFO [main] org.apache.coyote.AbstractProtocol.stop Stopping ProtocolHandler ["http-nio-8080"]
06-Mar-2024 00:21:22.888 WARNING [main] org.apache.tomcat.util.net.Acceptor.stop The acceptor thread [http-nio-8080-Acceptor] did not stop cleanly
06-Mar-2024 00:21:22.897 INFO [main] org.apache.coyote.AbstractProtocol.destroy Destroying ProtocolHandler ["http-nio-8080"]
